<?xml version="1.0" encoding="UTF-8"?>
<testng-results skipped="0" failed="0" ignored="0" total="2" passed="2">
  <reporter-output>
  </reporter-output>
  <suite name="Default suite" duration-ms="45838" started-at="2020-08-17T08:35:16Z" finished-at="2020-08-17T08:36:02Z">
    <groups>
    </groups>
    <test name="Default test" duration-ms="45838" started-at="2020-08-17T08:35:16Z" finished-at="2020-08-17T08:36:02Z">
      <class name="com.qa.tests.PostApiTest">
        <test-method status="PASS" signature="setUp()[pri:0, instance:com.qa.tests.PostApiTest@6cc4c815]" name="setUp" is-config="true" duration-ms="10" started-at="2020-08-17T14:05:16Z" finished-at="2020-08-17T14:05:16Z">
          <reporter-output>
          </reporter-output>
        </test-method> <!-- setUp -->
        <test-method status="PASS" signature="test()[pri:1, instance:com.qa.tests.PostApiTest@6cc4c815]" name="test" duration-ms="25381" started-at="2020-08-17T14:05:16Z" finished-at="2020-08-17T14:05:41Z">
          <reporter-output>
          </reporter-output>
        </test-method> <!-- test -->
        <test-method status="PASS" signature="getUser()[pri:2, instance:com.qa.tests.PostApiTest@6cc4c815]" name="getUser" duration-ms="20419" started-at="2020-08-17T14:05:41Z" finished-at="2020-08-17T14:06:02Z">
          <reporter-output>
          </reporter-output>
        </test-method> <!-- getUser -->
      </class> <!-- com.qa.tests.PostApiTest -->
    </test> <!-- Default test -->
  </suite> <!-- Default suite -->
</testng-results>
